-------------------------------------------------------------------------------
Test set: com.examly.springapp.SpringappApplicationTests
-------------------------------------------------------------------------------
Tests run: 80, Failures: 66, Errors: 0, Skipped: 0, Time elapsed: 2.84 s <<< FAILURE! - in com.examly.springapp.SpringappApplicationTests
com.examly.springapp.SpringappApplicationTests.Day4_test_JobApplication_Has_Entity_Annotation  Time elapsed: 0.003 s  <<< FAILURE!
org.opentest4j.AssertionFailedError: ❌ JobApplication class not found.
	at com.examly.springapp.SpringappApplicationTests.Day4_test_JobApplication_Has_Entity_Annotation(SpringappApplicationTests.java:101)

com.examly.springapp.SpringappApplicationTests.Day4_test_JobApplication_Has_Id_Annotation_On_Field  Time elapsed: 0.001 s  <<< FAILURE!
org.opentest4j.AssertionFailedError: ❌ JobApplication class not found.
	at com.examly.springapp.SpringappApplicationTests.Day4_test_JobApplication_Has_Id_Annotation_On_Field(SpringappApplicationTests.java:120)

com.examly.springapp.SpringappApplicationTests.Day5_test_UserRepository_Has_Repository_Annotation  Time elapsed: 0.002 s  <<< FAILURE!
org.opentest4j.AssertionFailedError: ❌ UserRepository class not found.
	at com.examly.springapp.SpringappApplicationTests.Day5_test_UserRepository_Has_Repository_Annotation(SpringappApplicationTests.java:164)

com.examly.springapp.SpringappApplicationTests.Day5_test_DepartmentRepository_Has_Repository_Annotation  Time elapsed: 0.002 s  <<< FAILURE!
org.opentest4j.AssertionFailedError: ❌ DepartmentRepository class not found.
	at com.examly.springapp.SpringappApplicationTests.Day5_test_DepartmentRepository_Has_Repository_Annotation(SpringappApplicationTests.java:177)

com.examly.springapp.SpringappApplicationTests.Day5_test_JobApplicationRepository_Has_Repository_Annotation  Time elapsed: 0.001 s  <<< FAILURE!
org.opentest4j.AssertionFailedError: ❌ JobApplicationRepository class not found.
	at com.examly.springapp.SpringappApplicationTests.Day5_test_JobApplicationRepository_Has_Repository_Annotation(SpringappApplicationTests.java:190)

com.examly.springapp.SpringappApplicationTests.Day5_test_JobPositionRepository_Has_Repository_Annotation  Time elapsed: 0.001 s  <<< FAILURE!
org.opentest4j.AssertionFailedError: ❌ JobPositionRepository class not found.
	at com.examly.springapp.SpringappApplicationTests.Day5_test_JobPositionRepository_Has_Repository_Annotation(SpringappApplicationTests.java:203)

com.examly.springapp.SpringappApplicationTests.Day5_test_InterviewFeedbackRepository_Has_Repository_Annotation  Time elapsed: 0.002 s  <<< FAILURE!
org.opentest4j.AssertionFailedError: ❌ InterviewFeedbackRepository class not found.
	at com.examly.springapp.SpringappApplicationTests.Day5_test_InterviewFeedbackRepository_Has_Repository_Annotation(SpringappApplicationTests.java:216)

com.examly.springapp.SpringappApplicationTests.Day6_test_UserController_File_Exists  Time elapsed: 0.003 s  <<< FAILURE!
org.opentest4j.AssertionFailedError: expected: <true> but was: <false>
	at com.examly.springapp.SpringappApplicationTests.Day6_test_UserController_File_Exists(SpringappApplicationTests.java:224)

com.examly.springapp.SpringappApplicationTests.Day6_test_DepartmentController_File_Exists  Time elapsed: 0.001 s  <<< FAILURE!
org.opentest4j.AssertionFailedError: expected: <true> but was: <false>
	at com.examly.springapp.SpringappApplicationTests.Day6_test_DepartmentController_File_Exists(SpringappApplicationTests.java:230)

com.examly.springapp.SpringappApplicationTests.Day6_test_JobApplicationController_File_Exists  Time elapsed: 0.001 s  <<< FAILURE!
org.opentest4j.AssertionFailedError: expected: <true> but was: <false>
	at com.examly.springapp.SpringappApplicationTests.Day6_test_JobApplicationController_File_Exists(SpringappApplicationTests.java:236)

com.examly.springapp.SpringappApplicationTests.Day6_test_JobPositionController_File_Exists  Time elapsed: 0.001 s  <<< FAILURE!
org.opentest4j.AssertionFailedError: expected: <true> but was: <false>
	at com.examly.springapp.SpringappApplicationTests.Day6_test_JobPositionController_File_Exists(SpringappApplicationTests.java:242)

com.examly.springapp.SpringappApplicationTests.Day6_test_InterviewFeedbackController_File_Exists  Time elapsed: 0.001 s  <<< FAILURE!
org.opentest4j.AssertionFailedError: expected: <true> but was: <false>
	at com.examly.springapp.SpringappApplicationTests.Day6_test_InterviewFeedbackController_File_Exists(SpringappApplicationTests.java:248)

com.examly.springapp.SpringappApplicationTests.Day6_test_UserController_Has_RestController_Annotation  Time elapsed: 0.001 s  <<< FAILURE!
org.opentest4j.AssertionFailedError: ❌ UserController class not found.
	at com.examly.springapp.SpringappApplicationTests.Day6_test_UserController_Has_RestController_Annotation(SpringappApplicationTests.java:260)

com.examly.springapp.SpringappApplicationTests.Day6_test_JobApplicationController_Has_RestController_Annotation  Time elapsed: 0.002 s  <<< FAILURE!
org.opentest4j.AssertionFailedError: ❌ JobApplicationController class not found.
	at com.examly.springapp.SpringappApplicationTests.Day6_test_JobApplicationController_Has_RestController_Annotation(SpringappApplicationTests.java:273)

com.examly.springapp.SpringappApplicationTests.Day6_test_JobApplicationController_Has_PostMapping  Time elapsed: 0.002 s  <<< FAILURE!
org.opentest4j.AssertionFailedError: ❌ JobApplicationController class not found.
	at com.examly.springapp.SpringappApplicationTests.Day6_test_JobApplicationController_Has_PostMapping(SpringappApplicationTests.java:292)

com.examly.springapp.SpringappApplicationTests.Day6_test_JobApplicationController_Has_GetMapping  Time elapsed: 0.002 s  <<< FAILURE!
org.opentest4j.AssertionFailedError: ❌ JobApplicationController class not found.
	at com.examly.springapp.SpringappApplicationTests.Day6_test_JobApplicationController_Has_GetMapping(SpringappApplicationTests.java:311)

com.examly.springapp.SpringappApplicationTests.Day6_test_JobApplicationController_Has_PutMapping  Time elapsed: 0.001 s  <<< FAILURE!
org.opentest4j.AssertionFailedError: ❌ JobApplicationController class not found.
	at com.examly.springapp.SpringappApplicationTests.Day6_test_JobApplicationController_Has_PutMapping(SpringappApplicationTests.java:330)

com.examly.springapp.SpringappApplicationTests.Day6_test_JobApplicationController_Has_DeleteMapping  Time elapsed: 0.001 s  <<< FAILURE!
org.opentest4j.AssertionFailedError: ❌ JobApplicationController class not found.
	at com.examly.springapp.SpringappApplicationTests.Day6_test_JobApplicationController_Has_DeleteMapping(SpringappApplicationTests.java:349)

com.examly.springapp.SpringappApplicationTests.Day6_testCreateJobApplication_NoBody_StatusBadRequest  Time elapsed: 0.061 s  <<< FAILURE!
java.lang.AssertionError: Status expected:<400> but was:<404>
	at com.examly.springapp.SpringappApplicationTests.Day6_testCreateJobApplication_NoBody_StatusBadRequest(SpringappApplicationTests.java:358)

com.examly.springapp.SpringappApplicationTests.Day6_testGetAllJobApplications_StatusNoContent  Time elapsed: 0.004 s  <<< FAILURE!
java.lang.AssertionError: Status expected:<204> but was:<404>
	at com.examly.springapp.SpringappApplicationTests.Day6_testGetAllJobApplications_StatusNoContent(SpringappApplicationTests.java:365)

com.examly.springapp.SpringappApplicationTests.Day6_testGetJobApplicationById_StatusNotFound  Time elapsed: 0.008 s  <<< FAILURE!
java.lang.AssertionError: 
Response content
Expected: a string containing "Job application not found"
     but: was ""
	at com.examly.springapp.SpringappApplicationTests.Day6_testGetJobApplicationById_StatusNotFound(SpringappApplicationTests.java:373)

com.examly.springapp.SpringappApplicationTests.Day7_test_UserController_Has_RequestMapping  Time elapsed: 0.002 s  <<< FAILURE!
org.opentest4j.AssertionFailedError: ❌ UserController class not found.
	at com.examly.springapp.SpringappApplicationTests.Day7_test_UserController_Has_RequestMapping(SpringappApplicationTests.java:393)

com.examly.springapp.SpringappApplicationTests.Day7_test_UserController_Has_PathVariable  Time elapsed: 0.001 s  <<< FAILURE!
org.opentest4j.AssertionFailedError: ❌ UserController class not found.
	at com.examly.springapp.SpringappApplicationTests.Day7_test_UserController_Has_PathVariable(SpringappApplicationTests.java:415)

com.examly.springapp.SpringappApplicationTests.Day7_test_JobApplicationController_Has_RequestMapping  Time elapsed: 0.002 s  <<< FAILURE!
org.opentest4j.AssertionFailedError: ❌ JobApplicationController class not found.
	at com.examly.springapp.SpringappApplicationTests.Day7_test_JobApplicationController_Has_RequestMapping(SpringappApplicationTests.java:428)

com.examly.springapp.SpringappApplicationTests.Day7_test_DepartmentController_Has_RequestMapping  Time elapsed: 0.001 s  <<< FAILURE!
org.opentest4j.AssertionFailedError: ❌ DepartmentController class not found.
	at com.examly.springapp.SpringappApplicationTests.Day7_test_DepartmentController_Has_RequestMapping(SpringappApplicationTests.java:441)

com.examly.springapp.SpringappApplicationTests.Day7_test_JobApplicationController_Has_PathVariable  Time elapsed: 0.001 s  <<< FAILURE!
org.opentest4j.AssertionFailedError: ❌ JobApplicationController class not found.
	at com.examly.springapp.SpringappApplicationTests.Day7_test_JobApplicationController_Has_PathVariable(SpringappApplicationTests.java:463)

com.examly.springapp.SpringappApplicationTests.Day7_test_DepartmentController_Has_PathVariable  Time elapsed: 0.001 s  <<< FAILURE!
org.opentest4j.AssertionFailedError: ❌ DepartmentController class not found.
	at com.examly.springapp.SpringappApplicationTests.Day7_test_DepartmentController_Has_PathVariable(SpringappApplicationTests.java:485)

com.examly.springapp.SpringappApplicationTests.Day7_test_JobPositionController_Has_RequestMapping  Time elapsed: 0.001 s  <<< FAILURE!
org.opentest4j.AssertionFailedError: ❌ JobPositionController class not found.
	at com.examly.springapp.SpringappApplicationTests.Day7_test_JobPositionController_Has_RequestMapping(SpringappApplicationTests.java:498)

com.examly.springapp.SpringappApplicationTests.Day8_test_UserService_File_Exists  Time elapsed: 0.001 s  <<< FAILURE!
org.opentest4j.AssertionFailedError: expected: <true> but was: <false>
	at com.examly.springapp.SpringappApplicationTests.Day8_test_UserService_File_Exists(SpringappApplicationTests.java:506)

com.examly.springapp.SpringappApplicationTests.Day8_test_DepartmentService_File_Exists  Time elapsed: 0.001 s  <<< FAILURE!
org.opentest4j.AssertionFailedError: expected: <true> but was: <false>
	at com.examly.springapp.SpringappApplicationTests.Day8_test_DepartmentService_File_Exists(SpringappApplicationTests.java:512)

com.examly.springapp.SpringappApplicationTests.Day8_test_JobApplicationService_File_Exists  Time elapsed: 0.001 s  <<< FAILURE!
org.opentest4j.AssertionFailedError: expected: <true> but was: <false>
	at com.examly.springapp.SpringappApplicationTests.Day8_test_JobApplicationService_File_Exists(SpringappApplicationTests.java:518)

com.examly.springapp.SpringappApplicationTests.Day8_test_JobPositionService_File_Exists  Time elapsed: 0.001 s  <<< FAILURE!
org.opentest4j.AssertionFailedError: expected: <true> but was: <false>
	at com.examly.springapp.SpringappApplicationTests.Day8_test_JobPositionService_File_Exists(SpringappApplicationTests.java:524)

com.examly.springapp.SpringappApplicationTests.Day8_test_InterviewFeedbackService_File_Exists  Time elapsed: 0.001 s  <<< FAILURE!
org.opentest4j.AssertionFailedError: expected: <true> but was: <false>
	at com.examly.springapp.SpringappApplicationTests.Day8_test_InterviewFeedbackService_File_Exists(SpringappApplicationTests.java:530)

com.examly.springapp.SpringappApplicationTests.Day8_test_UserServiceImpl_File_Exists  Time elapsed: 0.002 s  <<< FAILURE!
org.opentest4j.AssertionFailedError: expected: <true> but was: <false>
	at com.examly.springapp.SpringappApplicationTests.Day8_test_UserServiceImpl_File_Exists(SpringappApplicationTests.java:536)

com.examly.springapp.SpringappApplicationTests.Day8_test_DepartmentServiceImpl_File_Exists  Time elapsed: 0.002 s  <<< FAILURE!
org.opentest4j.AssertionFailedError: expected: <true> but was: <false>
	at com.examly.springapp.SpringappApplicationTests.Day8_test_DepartmentServiceImpl_File_Exists(SpringappApplicationTests.java:542)

com.examly.springapp.SpringappApplicationTests.Day8_test_JobApplicationServiceImpl_File_Exists  Time elapsed: 0.001 s  <<< FAILURE!
org.opentest4j.AssertionFailedError: expected: <true> but was: <false>
	at com.examly.springapp.SpringappApplicationTests.Day8_test_JobApplicationServiceImpl_File_Exists(SpringappApplicationTests.java:548)

com.examly.springapp.SpringappApplicationTests.Day8_test_JobPositionServiceImpl_File_Exists  Time elapsed: 0.001 s  <<< FAILURE!
org.opentest4j.AssertionFailedError: expected: <true> but was: <false>
	at com.examly.springapp.SpringappApplicationTests.Day8_test_JobPositionServiceImpl_File_Exists(SpringappApplicationTests.java:554)

com.examly.springapp.SpringappApplicationTests.Day8_test_InterviewFeedbackServiceImpl_File_Exists  Time elapsed: 0.001 s  <<< FAILURE!
org.opentest4j.AssertionFailedError: expected: <true> but was: <false>
	at com.examly.springapp.SpringappApplicationTests.Day8_test_InterviewFeedbackServiceImpl_File_Exists(SpringappApplicationTests.java:560)

com.examly.springapp.SpringappApplicationTests.Day8_testAddDepartment  Time elapsed: 0.003 s  <<< FAILURE!
java.lang.AssertionError: Status expected:<201> but was:<404>
	at com.examly.springapp.SpringappApplicationTests.Day8_testAddDepartment(SpringappApplicationTests.java:575)

com.examly.springapp.SpringappApplicationTests.Day8_testGetAllDepartments  Time elapsed: 0.003 s  <<< FAILURE!
java.lang.AssertionError: Status expected:<200> but was:<404>
	at com.examly.springapp.SpringappApplicationTests.Day8_testGetAllDepartments(SpringappApplicationTests.java:586)

com.examly.springapp.SpringappApplicationTests.Day8_testGetDepartmentById  Time elapsed: 0.003 s  <<< FAILURE!
java.lang.AssertionError: Status expected:<200> but was:<404>
	at com.examly.springapp.SpringappApplicationTests.Day8_testGetDepartmentById(SpringappApplicationTests.java:596)

com.examly.springapp.SpringappApplicationTests.Day8_testUpdateDepartment  Time elapsed: 0.026 s  <<< FAILURE!
java.lang.AssertionError: Status expected:<200> but was:<404>
	at com.examly.springapp.SpringappApplicationTests.Day8_testUpdateDepartment(SpringappApplicationTests.java:613)

com.examly.springapp.SpringappApplicationTests.Day9_testPagination_PageNumberApplied  Time elapsed: 0.004 s  <<< FAILURE!
java.lang.AssertionError: Status expected:<200> but was:<404>
	at com.examly.springapp.SpringappApplicationTests.Day9_testPagination_PageNumberApplied(SpringappApplicationTests.java:625)

com.examly.springapp.SpringappApplicationTests.Day9_testPagination_PageSizeApplied  Time elapsed: 0.003 s  <<< FAILURE!
java.lang.AssertionError: Status expected:<200> but was:<404>
	at com.examly.springapp.SpringappApplicationTests.Day9_testPagination_PageSizeApplied(SpringappApplicationTests.java:634)

com.examly.springapp.SpringappApplicationTests.Day9_testPagination_SortingPresent  Time elapsed: 0.003 s  <<< FAILURE!
java.lang.AssertionError: Status expected:<200> but was:<404>
	at com.examly.springapp.SpringappApplicationTests.Day9_testPagination_SortingPresent(SpringappApplicationTests.java:643)

com.examly.springapp.SpringappApplicationTests.Day9_testPagination_ContentArrayExists  Time elapsed: 0.003 s  <<< FAILURE!
java.lang.AssertionError: Status expected:<200> but was:<404>
	at com.examly.springapp.SpringappApplicationTests.Day9_testPagination_ContentArrayExists(SpringappApplicationTests.java:653)

com.examly.springapp.SpringappApplicationTests.Day9_testPagination_TotalElementsExists  Time elapsed: 0.002 s  <<< FAILURE!
java.lang.AssertionError: Status expected:<200> but was:<404>
	at com.examly.springapp.SpringappApplicationTests.Day9_testPagination_TotalElementsExists(SpringappApplicationTests.java:662)

com.examly.springapp.SpringappApplicationTests.Day9_testPagination_TotalPagesExists  Time elapsed: 0.003 s  <<< FAILURE!
java.lang.AssertionError: Status expected:<200> but was:<404>
	at com.examly.springapp.SpringappApplicationTests.Day9_testPagination_TotalPagesExists(SpringappApplicationTests.java:671)

com.examly.springapp.SpringappApplicationTests.Day10_testAddUser  Time elapsed: 0.003 s  <<< FAILURE!
java.lang.AssertionError: Status expected:<201> but was:<404>
	at com.examly.springapp.SpringappApplicationTests.Day10_testAddUser(SpringappApplicationTests.java:691)

com.examly.springapp.SpringappApplicationTests.Day10_testGetAllUsers  Time elapsed: 0.004 s  <<< FAILURE!
java.lang.AssertionError: Status expected:<200> but was:<404>
	at com.examly.springapp.SpringappApplicationTests.Day10_testGetAllUsers(SpringappApplicationTests.java:703)

com.examly.springapp.SpringappApplicationTests.Day10_testGetUserById  Time elapsed: 0.003 s  <<< FAILURE!
java.lang.AssertionError: Status expected:<200> but was:<404>
	at com.examly.springapp.SpringappApplicationTests.Day10_testGetUserById(SpringappApplicationTests.java:716)

com.examly.springapp.SpringappApplicationTests.Day10_testUpdateUser  Time elapsed: 0.003 s  <<< FAILURE!
java.lang.AssertionError: Status expected:<200> but was:<404>
	at com.examly.springapp.SpringappApplicationTests.Day10_testUpdateUser(SpringappApplicationTests.java:738)

com.examly.springapp.SpringappApplicationTests.Day10_testAddJobPosition  Time elapsed: 0.003 s  <<< FAILURE!
java.lang.AssertionError: Status expected:<201> but was:<404>
	at com.examly.springapp.SpringappApplicationTests.Day10_testAddJobPosition(SpringappApplicationTests.java:761)

com.examly.springapp.SpringappApplicationTests.Day10_testGetAllJobPositions  Time elapsed: 0.003 s  <<< FAILURE!
java.lang.AssertionError: Status expected:<200> but was:<404>
	at com.examly.springapp.SpringappApplicationTests.Day10_testGetAllJobPositions(SpringappApplicationTests.java:790)

com.examly.springapp.SpringappApplicationTests.Day10_testGetJobPositionById  Time elapsed: 0.003 s  <<< FAILURE!
java.lang.AssertionError: Status expected:<200> but was:<404>
	at com.examly.springapp.SpringappApplicationTests.Day10_testGetJobPositionById(SpringappApplicationTests.java:801)

com.examly.springapp.SpringappApplicationTests.Day10_testUpdateJobPosition  Time elapsed: 0.003 s  <<< FAILURE!
java.lang.AssertionError: Status expected:<200> but was:<404>
	at com.examly.springapp.SpringappApplicationTests.Day10_testUpdateJobPosition(SpringappApplicationTests.java:822)

com.examly.springapp.SpringappApplicationTests.Day11_testSearchJobPositions  Time elapsed: 0.003 s  <<< FAILURE!
java.lang.AssertionError: Status expected:<201> but was:<404>
	at com.examly.springapp.SpringappApplicationTests.Day11_testSearchJobPositions(SpringappApplicationTests.java:844)

com.examly.springapp.SpringappApplicationTests.Day12_testAddInterviewFeedback  Time elapsed: 0.003 s  <<< FAILURE!
java.lang.AssertionError: Status expected:<201> but was:<404>
	at com.examly.springapp.SpringappApplicationTests.Day12_testAddInterviewFeedback(SpringappApplicationTests.java:871)

com.examly.springapp.SpringappApplicationTests.Day12_testGetAllInterviewFeedbacks  Time elapsed: 0.003 s  <<< FAILURE!
java.lang.AssertionError: Status expected:<200> but was:<404>
	at com.examly.springapp.SpringappApplicationTests.Day12_testGetAllInterviewFeedbacks(SpringappApplicationTests.java:915)

com.examly.springapp.SpringappApplicationTests.Day12_testGetInterviewFeedbackById  Time elapsed: 0.03 s  <<< FAILURE!
java.lang.AssertionError: Status expected:<200> but was:<404>
	at com.examly.springapp.SpringappApplicationTests.Day12_testGetInterviewFeedbackById(SpringappApplicationTests.java:926)

com.examly.springapp.SpringappApplicationTests.Day12_testUpdateInterviewFeedback  Time elapsed: 0.003 s  <<< FAILURE!
java.lang.AssertionError: Status expected:<200> but was:<404>
	at com.examly.springapp.SpringappApplicationTests.Day12_testUpdateInterviewFeedback(SpringappApplicationTests.java:945)

com.examly.springapp.SpringappApplicationTests.Day12_testGetFeedbacksByJobApplication  Time elapsed: 0.003 s  <<< FAILURE!
java.lang.AssertionError: Status expected:<200> but was:<404>
	at com.examly.springapp.SpringappApplicationTests.Day12_testGetFeedbacksByJobApplication(SpringappApplicationTests.java:956)

com.examly.springapp.SpringappApplicationTests.Day13_test_execption_Directory_Exists  Time elapsed: 0.002 s  <<< FAILURE!
org.opentest4j.AssertionFailedError: expected: <true> but was: <false>
	at com.examly.springapp.SpringappApplicationTests.Day13_test_execption_Directory_Exists(SpringappApplicationTests.java:971)

com.examly.springapp.SpringappApplicationTests.Day13_test_GloabalEception_File_Exists  Time elapsed: 0.001 s  <<< FAILURE!
org.opentest4j.AssertionFailedError: expected: <true> but was: <false>
	at com.examly.springapp.SpringappApplicationTests.Day13_test_GloabalEception_File_Exists(SpringappApplicationTests.java:979)

com.examly.springapp.SpringappApplicationTests.Day14test_configuartion_Directory_Exists  Time elapsed: 0.001 s  <<< FAILURE!
org.opentest4j.AssertionFailedError: expected: <true> but was: <false>
	at com.examly.springapp.SpringappApplicationTests.Day14test_configuartion_Directory_Exists(SpringappApplicationTests.java:986)

com.examly.springapp.SpringappApplicationTests.Day15_testAOPLogFileExists  Time elapsed: 0.001 s  <<< FAILURE!
org.opentest4j.AssertionFailedError: expected: <true> but was: <false>
	at com.examly.springapp.SpringappApplicationTests.Day15_testAOPLogFileExists(SpringappApplicationTests.java:993)

