-------------------------------------------------------------------------------
Test set: com.examly.springapp.SpringappApplicationTests
-------------------------------------------------------------------------------
Tests run: 80, Failures: 6, Errors: 0, Skipped: 0, Time elapsed: 3.643 s <<< FAILURE! - in com.examly.springapp.SpringappApplicationTests
com.examly.springapp.SpringappApplicationTests.Day12_testAddInterviewFeedback  Time elapsed: 0.019 s  <<< FAILURE!
java.lang.AssertionError: No value at JSON path "$.isInternal"
	at com.examly.springapp.SpringappApplicationTests.Day12_testAddInterviewFeedback(SpringappApplicationTests.java:905)
Caused by: com.jayway.jsonpath.PathNotFoundException: No results for path: $['isInternal']

com.examly.springapp.SpringappApplicationTests.Day12_testGetAllInterviewFeedbacks  Time elapsed: 0.009 s  <<< FAILURE!
java.lang.AssertionError: No value at JSON path "$[0].isInternal"
	at com.examly.springapp.SpringappApplicationTests.Day12_testGetAllInterviewFeedbacks(SpringappApplicationTests.java:917)
Caused by: com.jayway.jsonpath.PathNotFoundException: No results for path: $[0]['isInternal']

com.examly.springapp.SpringappApplicationTests.Day12_testGetInterviewFeedbackById  Time elapsed: 0.007 s  <<< FAILURE!
java.lang.AssertionError: No value at JSON path "$.isInternal"
	at com.examly.springapp.SpringappApplicationTests.Day12_testGetInterviewFeedbackById(SpringappApplicationTests.java:928)
Caused by: com.jayway.jsonpath.PathNotFoundException: No results for path: $['isInternal']

com.examly.springapp.SpringappApplicationTests.Day12_testUpdateInterviewFeedback  Time elapsed: 0.011 s  <<< FAILURE!
java.lang.AssertionError: No value at JSON path "$.isInternal"
	at com.examly.springapp.SpringappApplicationTests.Day12_testUpdateInterviewFeedback(SpringappApplicationTests.java:947)
Caused by: com.jayway.jsonpath.PathNotFoundException: No results for path: $['isInternal']

com.examly.springapp.SpringappApplicationTests.Day12_testGetFeedbacksByJobApplication  Time elapsed: 0.008 s  <<< FAILURE!
java.lang.AssertionError: No value at JSON path "$[0].content"
	at com.examly.springapp.SpringappApplicationTests.Day12_testGetFeedbacksByJobApplication(SpringappApplicationTests.java:957)
Caused by: com.jayway.jsonpath.PathNotFoundException: No results for path: $[0]['content']

com.examly.springapp.SpringappApplicationTests.Day15_testAOPLogFileExists  Time elapsed: 0.002 s  <<< FAILURE!
org.opentest4j.AssertionFailedError: expected: <true> but was: <false>
	at com.examly.springapp.SpringappApplicationTests.Day15_testAOPLogFileExists(SpringappApplicationTests.java:993)

