-------------------------------------------------------------------------------
Test set: com.examly.springapp.SpringappApplicationTests
-------------------------------------------------------------------------------
Tests run: 80, Failures: 1, Errors: 0, Skipped: 0, Time elapsed: 5.1 s <<< FAILURE! - in com.examly.springapp.SpringappApplicationTests
com.examly.springapp.SpringappApplicationTests.Day12_testGetFeedbacksByJobApplication  Time elapsed: 0.055 s  <<< FAILURE!
java.lang.AssertionError: No value at JSON path "$[0].content"
	at com.examly.springapp.SpringappApplicationTests.Day12_testGetFeedbacksByJobApplication(SpringappApplicationTests.java:957)
Caused by: com.jayway.jsonpath.PathNotFoundException: No results for path: $[0]['content']

